# JRE version: Java(TM) SE Runtime Environment (21.0.1+12) (build 21.0.1+12-LTS-29)
# Java VM: Java HotSpot(TM) 64-Bit Server VM (21.0.1+12-LTS-29, mixed mode, sharing, tiered, compressed oops, compressed class ptrs, g1 gc, windows-amd64)
GC Precious Log:
 CardTable entry size: 512
 Card Set container configuration: InlinePtr #cards 4 size 8 Array Of Cards #cards 16 size 48 Howl #buckets 8 coarsen threshold 3686 Howl Bitmap #cards 512 size 80 coarsen threshold 460 Card regions per heap region 1 cards per card region 4096
 CPUs: 8 total, 8 available
 Memory: 16242M
 Large Page Support: Disabled
 NUMA Support: Disabled
 Compressed Oops: Enabled (Zero based)
 Heap Region Size: 2M
 Heap Min Capacity: 8M
 Heap Initial Capacity: 254M
 Heap Max Capacity: 4062M
 Pre-touch: Disabled
 Parallel Workers: 8
 Concurrent Workers: 2
 Concurrent Refinement Workers: 8
 Periodic GC: Disabled
Heap:
 garbage-first heap   total 567296K, used 196608K [0x0000000702200000, 0x0000000800000000)
  region size 2048K, 10 young (20480K), 10 survivors (20480K)
 Metaspace       used 1662K, committed 1920K, reserved 1114112K
  class space    used 142K, committed 256K, reserved 1048576K
GC Heap History (17 events):
Event: 0.286 GC heap before
{Heap before GC invocations=0 (full 0):
 garbage-first heap   total 260096K, used 22528K [0x0000000702200000, 0x0000000800000000)
  region size 2048K, 11 young (22528K), 0 survivors (0K)
 Metaspace       used 897K, committed 1024K, reserved 1114112K
  class space    used 68K, committed 128K, reserved 1048576K
}
Event: 0.295 GC heap after
{Heap after GC invocations=1 (full 0):
 garbage-first heap   total 260096K, used 5759K [0x0000000702200000, 0x0000000800000000)
  region size 2048K, 2 young (4096K), 2 survivors (4096K)
 Metaspace       used 897K, committed 1024K, reserved 1114112K
  class space    used 68K, committed 128K, reserved 1048576K
}
Event: 0.597 GC heap before
{Heap before GC invocations=1 (full 0):
 garbage-first heap   total 260096K, used 32383K [0x0000000702200000, 0x0000000800000000)
  region size 2048K, 15 young (30720K), 2 survivors (4096K)
 Metaspace       used 1257K, committed 1472K, reserved 1114112K
  class space    used 111K, committed 192K, reserved 1048576K
}
Event: 0.617 GC heap after
{Heap after GC invocations=2 (full 0):
 garbage-first heap   total 260096K, used 14200K [0x0000000702200000, 0x0000000800000000)
  region size 2048K, 2 young (4096K), 2 survivors (4096K)
 Metaspace       used 1257K, committed 1472K, reserved 1114112K
  class space    used 111K, committed 192K, reserved 1048576K
}
Event: 0.690 GC heap before
{Heap before GC invocations=2 (full 0):
 garbage-first heap   total 260096K, used 55160K [0x0000000702200000, 0x0000000800000000)
  region size 2048K, 22 young (45056K), 2 survivors (4096K)
 Metaspace       used 1269K, committed 1472K, reserved 1114112K
  class space    used 111K, committed 192K, reserved 1048576K
}
Event: 0.712 GC heap after
{Heap after GC invocations=3 (full 0):
 garbage-first heap   total 260096K, used 27032K [0x0000000702200000, 0x0000000800000000)
  region size 2048K, 3 young (6144K), 3 survivors (6144K)
 Metaspace       used 1269K, committed 1472K, reserved 1114112K
  class space    used 111K, committed 192K, reserved 1048576K
}
Event: 0.769 GC heap before
{Heap before GC invocations=3 (full 0):
 garbage-first heap   total 260096K, used 70040K [0x0000000702200000, 0x0000000800000000)
  region size 2048K, 24 young (49152K), 3 survivors (6144K)
 Metaspace       used 1269K, committed 1472K, reserved 1114112K
  class space    used 111K, committed 192K, reserved 1048576K
}
Event: 0.792 GC heap after
{Heap after GC invocations=4 (full 0):
 garbage-first heap   total 260096K, used 40397K [0x0000000702200000, 0x0000000800000000)
  region size 2048K, 3 young (6144K), 3 survivors (6144K)
 Metaspace       used 1269K, committed 1472K, reserved 1114112K
  class space    used 111K, committed 192K, reserved 1048576K
}
Event: 0.866 GC heap before
{Heap before GC invocations=4 (full 0):
 garbage-first heap   total 260096K, used 103885K [0x0000000702200000, 0x0000000800000000)
  region size 2048K, 34 young (69632K), 3 survivors (6144K)
 Metaspace       used 1271K, committed 1472K, reserved 1114112K
  class space    used 111K, committed 192K, reserved 1048576K
}
Event: 0.893 GC heap after
{Heap after GC invocations=5 (full 0):
 garbage-first heap   total 567296K, used 60165K [0x0000000702200000, 0x0000000800000000)
  region size 2048K, 5 young (10240K), 5 survivors (10240K)
 Metaspace       used 1271K, committed 1472K, reserved 1114112K
  class space    used 111K, committed 192K, reserved 1048576K
}
Event: 1.010 GC heap before
{Heap before GC invocations=5 (full 0):
 garbage-first heap   total 567296K, used 131845K [0x0000000702200000, 0x0000000800000000)
  region size 2048K, 40 young (81920K), 5 survivors (10240K)
 Metaspace       used 1271K, committed 1472K, reserved 1114112K
  class space    used 111K, committed 192K, reserved 1048576K
}
Event: 1.037 GC heap after
{Heap after GC invocations=6 (full 0):
 garbage-first heap   total 567296K, used 83680K [0x0000000702200000, 0x0000000800000000)
  region size 2048K, 5 young (10240K), 5 survivors (10240K)
 Metaspace       used 1271K, committed 1472K, reserved 1114112K
  class space    used 111K, committed 192K, reserved 1048576K
}
Event: 1.126 GC heap before
{Heap before GC invocations=6 (full 0):
 garbage-first heap   total 567296K, used 171744K [0x0000000702200000, 0x0000000800000000)
  region size 2048K, 48 young (98304K), 5 survivors (10240K)
 Metaspace       used 1271K, committed 1472K, reserved 1114112K
  class space    used 111K, committed 192K, reserved 1048576K
}
Event: 1.154 GC heap after
{Heap after GC invocations=7 (full 0):
 garbage-first heap   total 567296K, used 112535K [0x0000000702200000, 0x0000000800000000)
  region size 2048K, 6 young (12288K), 6 survivors (12288K)
 Metaspace       used 1271K, committed 1472K, reserved 1114112K
  class space    used 111K, committed 192K, reserved 1048576K
}
Event: 1.276 GC heap before
{Heap before GC invocations=7 (full 0):
 garbage-first heap   total 567296K, used 231319K [0x0000000702200000, 0x0000000800000000)
  region size 2048K, 64 young (131072K), 6 survivors (12288K)
 Metaspace       used 1273K, committed 1472K, reserved 1114112K
  class space    used 111K, committed 192K, reserved 1048576K
}
Event: 1.335 GC heap after
{Heap after GC invocations=8 (full 0):
 garbage-first heap   total 567296K, used 151095K [0x0000000702200000, 0x0000000800000000)
  region size 2048K, 8 young (16384K), 8 survivors (16384K)
 Metaspace       used 1273K, committed 1472K, reserved 1114112K
  class space    used 111K, committed 192K, reserved 1048576K
}
Event: 1.512 GC heap before
{Heap before GC invocations=8 (full 0):
 garbage-first heap   total 567296K, used 292407K [0x0000000702200000, 0x0000000800000000)
  region size 2048K, 77 young (157696K), 8 survivors (16384K)
 Metaspace       used 1662K, committed 1920K, reserved 1114112K
  class space    used 142K, committed 256K, reserved 1048576K
}

